18-Aug-2021 16:13:15.938 信息 [main] org.apache.catalina.startup.VersionLoggerListener.log Server.服务器版本: Apache Tomcat/9.0.52
18-Aug-2021 16:13:15.944 信息 [main] org.apache.catalina.startup.VersionLoggerListener.log 服务器构建:        Jul 31 2021 04:12:17 UTC
18-Aug-2021 16:13:15.944 信息 [main] org.apache.catalina.startup.VersionLoggerListener.log 服务器版本号:      9.0.52.0
18-Aug-2021 16:13:15.945 信息 [main] org.apache.catalina.startup.VersionLoggerListener.log 操作系统名称:      Windows 10
18-Aug-2021 16:13:15.945 信息 [main] org.apache.catalina.startup.VersionLoggerListener.log OS.版本:           10.0
18-Aug-2021 16:13:15.945 信息 [main] org.apache.catalina.startup.VersionLoggerListener.log 架构:              x86
18-Aug-2021 16:13:15.945 信息 [main] org.apache.catalina.startup.VersionLoggerListener.log Java 环境变量:     C:\Program Files (x86)\Java\jdk1.8.0_271\jre
18-Aug-2021 16:13:15.946 信息 [main] org.apache.catalina.startup.VersionLoggerListener.log Java虚拟机版本:    1.8.0_271-b09
18-Aug-2021 16:13:15.946 信息 [main] org.apache.catalina.startup.VersionLoggerListener.log JVM.供应商:        Oracle Corporation
18-Aug-2021 16:13:15.946 信息 [main] org.apache.catalina.startup.VersionLoggerListener.log CATALINA_BASE:     D:\work\environment\apache-tomcat-9.0.52
18-Aug-2021 16:13:15.947 信息 [main] org.apache.catalina.startup.VersionLoggerListener.log CATALINA_HOME:     D:\work\environment\apache-tomcat-9.0.52
18-Aug-2021 16:13:15.947 信息 [main] org.apache.catalina.startup.VersionLoggerListener.log 命令行参数：       -Djava.util.logging.config.file=D:\work\environment\apache-tomcat-9.0.52\conf\logging.properties
18-Aug-2021 16:13:15.947 信息 [main] org.apache.catalina.startup.VersionLoggerListener.log 命令行参数：       -Djava.util.logging.manager=org.apache.juli.ClassLoaderLogManager
18-Aug-2021 16:13:15.947 信息 [main] org.apache.catalina.startup.VersionLoggerListener.log 命令行参数：       -Djdk.tls.ephemeralDHKeySize=2048
18-Aug-2021 16:13:15.947 信息 [main] org.apache.catalina.startup.VersionLoggerListener.log 命令行参数：       -Djava.protocol.handler.pkgs=org.apache.catalina.webresources
18-Aug-2021 16:13:15.948 信息 [main] org.apache.catalina.startup.VersionLoggerListener.log 命令行参数：       -Dignore.endorsed.dirs=
18-Aug-2021 16:13:15.948 信息 [main] org.apache.catalina.startup.VersionLoggerListener.log 命令行参数：       -Dcatalina.base=D:\work\environment\apache-tomcat-9.0.52
18-Aug-2021 16:13:15.948 信息 [main] org.apache.catalina.startup.VersionLoggerListener.log 命令行参数：       -Dcatalina.home=D:\work\environment\apache-tomcat-9.0.52
18-Aug-2021 16:13:15.949 信息 [main] org.apache.catalina.startup.VersionLoggerListener.log 命令行参数：       -Djava.io.tmpdir=D:\work\environment\apache-tomcat-9.0.52\temp
18-Aug-2021 16:13:15.955 警告 [main] org.apache.catalina.core.AprLifecycleListener.init 基于APR的本地库加载失败.错误报告为[D:\work\environment\apache-tomcat-9.0.52\bin\tcnative-1.dll: Can't load AMD 64-bit .dll on a IA 32-bit platform]
	java.lang.UnsatisfiedLinkError: D:\work\environment\apache-tomcat-9.0.52\bin\tcnative-1.dll: Can't load AMD 64-bit .dll on a IA 32-bit platform
		at java.lang.ClassLoader$NativeLibrary.load(Native Method)
		at java.lang.ClassLoader.loadLibrary0(ClassLoader.java:1934)
		at java.lang.ClassLoader.loadLibrary(ClassLoader.java:1817)
		at java.lang.Runtime.load0(Runtime.java:810)
		at java.lang.System.load(System.java:1086)
		at org.apache.tomcat.jni.Library.<init>(Library.java:41)
		at org.apache.tomcat.jni.Library.initialize(Library.java:203)
		at org.apache.catalina.core.AprLifecycleListener.init(AprLifecycleListener.java:190)
		at org.apache.catalina.core.AprLifecycleListener.lifecycleEvent(AprLifecycleListener.java:121)
		at org.apache.catalina.util.LifecycleBase.fireLifecycleEvent(LifecycleBase.java:123)
		at org.apache.catalina.util.LifecycleBase.setStateInternal(LifecycleBase.java:423)
		at org.apache.catalina.util.LifecycleBase.init(LifecycleBase.java:135)
		at org.apache.catalina.startup.Catalina.load(Catalina.java:724)
		at org.apache.catalina.startup.Catalina.load(Catalina.java:746)
		at sun.reflect.NativeMethodAccessorImpl.invoke0(Native Method)
		at sun.reflect.NativeMethodAccessorImpl.invoke(NativeMethodAccessorImpl.java:62)
		at sun.reflect.DelegatingMethodAccessorImpl.invoke(DelegatingMethodAccessorImpl.java:43)
		at java.lang.reflect.Method.invoke(Method.java:498)
		at org.apache.catalina.startup.Bootstrap.load(Bootstrap.java:305)
		at org.apache.catalina.startup.Bootstrap.main(Bootstrap.java:475)
18-Aug-2021 16:13:16.222 信息 [main] org.apache.coyote.AbstractProtocol.init 初始化协议处理器 ["http-nio-8080"]
18-Aug-2021 16:13:16.242 信息 [main] org.apache.catalina.startup.Catalina.load 服务器在[508]毫秒内初始化
18-Aug-2021 16:13:16.267 信息 [main] org.apache.catalina.core.StandardService.startInternal 正在启动服务[Catalina]
18-Aug-2021 16:13:16.267 信息 [main] org.apache.catalina.core.StandardEngine.startInternal 正在启动 Servlet 引擎：[Apache Tomcat/9.0.52]
18-Aug-2021 16:13:16.278 信息 [main] org.apache.catalina.startup.HostConfig.deployDirectory 把web 应用程序部署到目录 [D:\work\environment\apache-tomcat-9.0.52\webapps\docs]
18-Aug-2021 16:13:16.694 警告 [main] org.apache.catalina.util.SessionIdGeneratorBase.createSecureRandom 使用[SHA1PRNG]创建会话ID生成的SecureRandom实例花费了[189]毫秒。
18-Aug-2021 16:13:16.731 信息 [main] org.apache.catalina.startup.HostConfig.deployDirectory Web应用程序目录[D:\work\environment\apache-tomcat-9.0.52\webapps\docs]的部署已在[452]毫秒内完成
18-Aug-2021 16:13:16.731 信息 [main] org.apache.catalina.startup.HostConfig.deployDirectory 把web 应用程序部署到目录 [D:\work\environment\apache-tomcat-9.0.52\webapps\examples]
18-Aug-2021 16:13:17.218 信息 [main] org.apache.catalina.startup.HostConfig.deployDirectory Web应用程序目录[D:\work\environment\apache-tomcat-9.0.52\webapps\examples]的部署已在[487]毫秒内完成
18-Aug-2021 16:13:17.218 信息 [main] org.apache.catalina.startup.HostConfig.deployDirectory 把web 应用程序部署到目录 [D:\work\environment\apache-tomcat-9.0.52\webapps\host-manager]
18-Aug-2021 16:13:17.258 信息 [main] org.apache.catalina.startup.HostConfig.deployDirectory Web应用程序目录[D:\work\environment\apache-tomcat-9.0.52\webapps\host-manager]的部署已在[39]毫秒内完成
18-Aug-2021 16:13:17.260 信息 [main] org.apache.catalina.startup.HostConfig.deployDirectory 把web 应用程序部署到目录 [D:\work\environment\apache-tomcat-9.0.52\webapps\manager]
18-Aug-2021 16:13:17.283 信息 [main] org.apache.catalina.startup.HostConfig.deployDirectory Web应用程序目录[D:\work\environment\apache-tomcat-9.0.52\webapps\manager]的部署已在[23]毫秒内完成
18-Aug-2021 16:13:17.283 信息 [main] org.apache.catalina.startup.HostConfig.deployDirectory 把web 应用程序部署到目录 [D:\work\environment\apache-tomcat-9.0.52\webapps\ROOT]
18-Aug-2021 16:13:17.295 信息 [main] org.apache.catalina.startup.HostConfig.deployDirectory Web应用程序目录[D:\work\environment\apache-tomcat-9.0.52\webapps\ROOT]的部署已在[12]毫秒内完成
18-Aug-2021 16:13:17.298 信息 [main] org.apache.coyote.AbstractProtocol.start 开始协议处理句柄["http-nio-8080"]
18-Aug-2021 16:13:17.311 信息 [main] org.apache.catalina.startup.Catalina.start [1069]毫秒后服务器启动
